<?xml version="1.0" encoding="UTF-8"?>
<testng-results ignored="0" total="1" passed="1" failed="0" skipped="0">
  <reporter-output>
  </reporter-output>
  <suite started-at="2022-08-31T15:17:53 IST" name="Default suite" finished-at="2022-08-31T15:18:19 IST" duration-ms="25472">
    <groups>
    </groups>
    <test started-at="2022-08-31T15:17:53 IST" name="Default test" finished-at="2022-08-31T15:18:19 IST" duration-ms="25472">
      <class name="MDSi_EDIProcessing.MDSiOrderCreation">
        <test-method is-config="true" signature="startUp()[pri:0, instance:MDSi_EDIProcessing.MDSiOrderCreation@1de76cc7]" started-at="2022-08-31T15:17:52 IST" name="startUp" finished-at="2022-08-31T15:17:53 IST" duration-ms="1493" status="PASS">
          <reporter-output>
          </reporter-output>
        </test-method> <!-- startUp -->
        <test-method signature="mdSiOrderCreation()[pri:0, instance:MDSi_EDIProcessing.MDSiOrderCreation@1de76cc7]" started-at="2022-08-31T15:17:53 IST" name="mdSiOrderCreation" finished-at="2022-08-31T15:18:19 IST" duration-ms="25437" status="PASS">
          <reporter-output>
          </reporter-output>
        </test-method> <!-- mdSiOrderCreation -->
        <test-method is-config="true" signature="Complete()[pri:0, instance:MDSi_EDIProcessing.MDSiOrderCreation@1de76cc7]" started-at="2022-08-31T15:18:19 IST" name="Complete" finished-at="2022-08-31T15:18:19 IST" duration-ms="40" status="PASS">
          <reporter-output>
          </reporter-output>
        </test-method> <!-- Complete -->
      </class> <!-- MDSi_EDIProcessing.MDSiOrderCreation -->
    </test> <!-- Default test -->
  </suite> <!-- Default suite -->
</testng-results>
